<?xml version="1.0" encoding="UTF-8"?>
<testng-results skipped="0" failed="0" ignored="0" total="1" passed="1">
  <reporter-output>
  </reporter-output>
  <suite name="Default suite" duration-ms="32909" started-at="2020-06-15T08:24:37Z" finished-at="2020-06-15T08:25:09Z">
    <groups>
    </groups>
    <test name="Default test" duration-ms="32909" started-at="2020-06-15T08:24:37Z" finished-at="2020-06-15T08:25:09Z">
      <class name="com.flipkart.qa.testcases.FlipKartTest">
        <test-method status="PASS" signature="startApp()[pri:0, instance:com.flipkart.qa.testcases.FlipKartTest@42d80b78]" name="startApp" is-config="true" duration-ms="9407" started-at="2020-06-15T08:24:37Z" finished-at="2020-06-15T08:24:46Z">
          <reporter-output>
          </reporter-output>
        </test-method> <!-- startApp -->
        <test-method status="PASS" signature="FlipkartTest()[pri:0, instance:com.flipkart.qa.testcases.FlipKartTest@42d80b78]" name="FlipkartTest" duration-ms="23167" started-at="2020-06-15T08:24:46Z" finished-at="2020-06-15T08:25:09Z">
          <reporter-output>
          </reporter-output>
        </test-method> <!-- FlipkartTest -->
        <test-method status="PASS" signature="tearDown()[pri:0, instance:com.flipkart.qa.testcases.FlipKartTest@42d80b78]" name="tearDown" is-config="true" duration-ms="251" started-at="2020-06-15T08:25:09Z" finished-at="2020-06-15T08:25:09Z">
          <reporter-output>
          </reporter-output>
        </test-method> <!-- tearDown -->
      </class> <!-- com.flipkart.qa.testcases.FlipKartTest -->
    </test> <!-- Default test -->
  </suite> <!-- Default suite -->
</testng-results>
