<?xml version="1.0" encoding="UTF-8"?>
<testng-results skipped="0" failed="0" ignored="0" total="1" passed="1">
  <reporter-output>
  </reporter-output>
  <suite name="Default suite" duration-ms="32353" started-at="2020-06-15T08:28:59Z" finished-at="2020-06-15T08:29:32Z">
    <groups>
    </groups>
    <test name="Default test" duration-ms="32353" started-at="2020-06-15T08:28:59Z" finished-at="2020-06-15T08:29:32Z">
      <class name="com.itpeople.qa.testCases.BritishAirlineRegistrationTest">
        <test-method status="PASS" signature="launchApp()[pri:0, instance:com.itpeople.qa.testCases.BritishAirlineRegistrationTest@42d80b78]" name="launchApp" is-config="true" duration-ms="10800" started-at="2020-06-15T08:28:59Z" finished-at="2020-06-15T08:29:10Z">
          <reporter-output>
          </reporter-output>
        </test-method> <!-- launchApp -->
        <test-method status="PASS" signature="regiTest()[pri:0, instance:com.itpeople.qa.testCases.BritishAirlineRegistrationTest@42d80b78]" name="regiTest" duration-ms="19355" started-at="2020-06-15T08:29:10Z" finished-at="2020-06-15T08:29:30Z">
          <reporter-output>
          </reporter-output>
        </test-method> <!-- regiTest -->
        <test-method status="PASS" signature="tearDown()[pri:0, instance:com.itpeople.qa.testCases.BritishAirlineRegistrationTest@42d80b78]" name="tearDown" is-config="true" duration-ms="2146" started-at="2020-06-15T08:29:30Z" finished-at="2020-06-15T08:29:32Z">
          <reporter-output>
          </reporter-output>
        </test-method> <!-- tearDown -->
      </class> <!-- com.itpeople.qa.testCases.BritishAirlineRegistrationTest -->
    </test> <!-- Default test -->
  </suite> <!-- Default suite -->
</testng-results>
